[02:11:12.474] "<02:11:12.474> genotype-to-phenotype: {\"axiom\":[4,6],\"g_rule\":\"+\",\"p_rule\":0.5,\"genotype\":10}",
[02:11:12.474] "<02:11:12.459> genotype received msg: {\"axiom\":[4,6],\"g_rule\":\"+\",\"p_rule\":0.5}",
[02:11:12.490] "<02:11:12.459> @@@ app-webkit sent to genotype msg = {\"axiom\":[4,6],\"g_rule\":\"+\",\"p_rule\":0.5}",
[02:11:12.490] "<02:11:12.474> phenotype received msg: {\"axiom\":[4,6],\"g_rule\":\"+\",\"p_rule\":0.5,\"genotype\":10}",
[02:11:12.490] "<02:11:12.474> phenotype-to-producer: {\"axiom\":[4,6],\"g_rule\":\"+\",\"p_rule\":0.5,\"genotype\":10,\"phenotype\":5}",
[02:11:12.490] "<02:11:12.474> phenotype-to-producer: {\"axiom\":[4,6],\"g_rule\":\"+\",\"p_rule\":0.5,\"genotype\":10,\"phenotype\":5}",
[02:11:12.533] "<02:11:12.490 @@@ app-webkit received reply = {\"axiom\":[4,6],\"g_rule\":\"+\",\"p_rule\":0.5,\"genotype\":10,\"phenotype\":5}",
[02:11:12.534] "<02:11:12.506> @@@ app-node received resp = {\"axiom\":[4,6],\"g_rule\":\"+\",\"p_rule\":0.5,\"genotype\":10,\"phenotype\":5}",
[02:11:17.481] "<02:11:17.466> @@@ app-node sent to genotype msg = {\"axiom\":[5,7],\"g_rule\":\"*\",\"p_rule\":2}",
[02:11:17.497] "<02:11:17.481> genotype received msg: {\"axiom\":[5,7],\"g_rule\":\"*\",\"p_rule\":2}",
[02:11:17.497] "<02:11:17.481> genotype-to-phenotype: {\"axiom\":[5,7],\"g_rule\":\"*\",\"p_rule\":2,\"genotype\":35}",
[02:11:17.497] "<02:11:17.497> phenotype received msg: {\"axiom\":[5,7],\"g_rule\":\"*\",\"p_rule\":2,\"genotype\":35}",
[02:11:17.497] "<02:11:17.497> phenotype-to-producer: {\"axiom\":[5,7],\"g_rule\":\"*\",\"p_rule\":2,\"genotype\":35,\"phenotype\":70}",
[02:11:17.497] "<02:11:17.497> phenotype-to-producer: {\"axiom\":[5,7],\"g_rule\":\"*\",\"p_rule\":2,\"genotype\":35,\"phenotype\":70}",
[02:11:17.512] "<02:11:17.497 @@@ app-webkit received reply = {\"axiom\":[5,7],\"g_rule\":\"*\",\"p_rule\":2,\"genotype\":35,\"phenotype\":70}",
[02:11:17.528] "<02:11:17.513> @@@ app-node received resp = {\"axiom\":[5,7],\"g_rule\":\"*\",\"p_rule\":2,\"genotype\":35,\"phenotype\":70}",
[02:11:22.467] "<02:11:22.451> genotype received msg: {\"axiom\":[4,6],\"g_rule\":\"+\",\"p_rule\":0.5}",
[02:11:22.467] "<02:11:22.467> genotype-to-phenotype: {\"axiom\":[4,6],\"g_rule\":\"+\",\"p_rule\":0.5,\"genotype\":10}",
[02:11:22.482] "<02:11:22.451> @@@ app-webkit sent to genotype msg = {\"axiom\":[4,6],\"g_rule\":\"+\",\"p_rule\":0.5}",
[02:11:22.482] "<02:11:22.467> phenotype received msg: {\"axiom\":[4,6],\"g_rule\":\"+\",\"p_rule\":0.5,\"genotype\":10}",
[02:11:22.482] "<02:11:22.467> phenotype-to-producer: {\"axiom\":[4,6],\"g_rule\":\"+\",\"p_rule\":0.5,\"genotype\":10,\"phenotype\":5}",
[02:11:22.482] "<02:11:22.467> phenotype-to-producer: {\"axiom\":[4,6],\"g_rule\":\"+\",\"p_rule\":0.5,\"genotype\":10,\"phenotype\":5}",
[02:11:22.498] "<02:11:22.483 @@@ app-webkit received reply = {\"axiom\":[4,6],\"g_rule\":\"+\",\"p_rule\":0.5,\"genotype\":10,\"phenotype\":5}",
[02:11:22.520] "<02:11:22.498> @@@ app-node received resp = {\"axiom\":[4,6],\"g_rule\":\"+\",\"p_rule\":0.5,\"genotype\":10,\"phenotype\":5}",
[02:11:27.493] "<02:11:27.478> genotype received msg: {\"axiom\":[5,7],\"g_rule\":\"*\",\"p_rule\":2}",
[02:11:27.493] "<02:11:27.478> genotype-to-phenotype: {\"axiom\":[5,7],\"g_rule\":\"*\",\"p_rule\":2,\"genotype\":35}",
[02:11:27.493] "<02:11:27.478> @@@ app-node sent to genotype msg = {\"axiom\":[5,7],\"g_rule\":\"*\",\"p_rule\":2}",
[02:11:27.493] "<02:11:27.493> phenotype received msg: {\"axiom\":[5,7],\"g_rule\":\"*\",\"p_rule\":2,\"genotype\":35}",
[02:11:27.493] "<02:11:27.493> phenotype-to-producer: {\"axiom\":[5,7],\"g_rule\":\"*\",\"p_rule\":2,\"genotype\":35,\"phenotype\":70}",
[02:11:27.493] "<02:11:27.493> phenotype-to-producer: {\"axiom\":[5,7],\"g_rule\":\"*\",\"p_rule\":2,\"genotype\":35,\"phenotype\":70}",
[02:11:27.526] "<02:11:27.494 @@@ app-webkit received reply = {\"axiom\":[5,7],\"g_rule\":\"*\",\"p_rule\":2,\"genotype\":35,\"phenotype\":70}",
[02:11:27.526] "<02:11:27.494> @@@ app-node received resp = {\"axiom\":[5,7],\"g_rule\":\"*\",\"p_rule\":2,\"genotype\":35,\"phenotype\":70}",
[02:11:32.464] "<02:11:32.464> genotype received msg: {\"axiom\":[4,6],\"g_rule\":\"+\",\"p_rule\":0.5}",
[02:11:32.464] "<02:11:32.464> genotype-to-phenotype: {\"axiom\":[4,6],\"g_rule\":\"+\",\"p_rule\":0.5,\"genotype\":10}",
[02:11:32.480] "<02:11:32.464> phenotype-to-producer: {\"axiom\":[4,6],\"g_rule\":\"+\",\"p_rule\":0.5,\"genotype\":10,\"phenotype\":5}",
[02:11:32.480] "<02:11:32.464> phenotype-to-producer: {\"axiom\":[4,6],\"g_rule\":\"+\",\"p_rule\":0.5,\"genotype\":10,\"phenotype\":5}",
[02:11:32.480] "<02:11:32.464> phenotype received msg: {\"axiom\":[4,6],\"g_rule\":\"+\",\"p_rule\":0.5,\"genotype\":10}",
[02:11:32.480] "<02:11:32.464> @@@ app-webkit sent to genotype msg = {\"axiom\":[4,6],\"g_rule\":\"+\",\"p_rule\":0.5}",
[02:11:32.512] "<02:11:32.480 @@@ app-webkit received reply = {\"axiom\":[4,6],\"g_rule\":\"+\",\"p_rule\":0.5,\"genotype\":10,\"phenotype\":5}",
[02:11:32.513] "<02:11:32.480> @@@ app-node received resp = {\"axiom\":[4,6],\"g_rule\":\"+\",\"p_rule\":0.5,\"genotype\":10,\"phenotype\":5}",
[02:11:57.031] "<02:11:57.031> genotype received msg: {\"axiom\":[4,6],\"g_rule\":\"+\",\"p_rule\":0.5}",
[02:11:57.031] "<02:11:57.031> genotype-to-phenotype: {\"axiom\":[4,6],\"g_rule\":\"+\",\"p_rule\":0.5,\"genotype\":10}",
[02:11:57.046] "<02:11:57.031> phenotype-to-producer: {\"axiom\":[4,6],\"g_rule\":\"+\",\"p_rule\":0.5,\"genotype\":10,\"phenotype\":5}",
[02:11:57.046] "<02:11:57.031> phenotype-to-producer: {\"axiom\":[4,6],\"g_rule\":\"+\",\"p_rule\":0.5,\"genotype\":10,\"phenotype\":5}",
[02:11:57.046] "<02:11:57.046> phenotype-to-producer: {\"axiom\":[4,6],\"g_rule\":\"+\",\"p_rule\":0.5,\"genotype\":10,\"phenotype\":5}",
[02:11:57.046] "<02:11:57.046> phenotype-to-producer: {\"axiom\":[4,6],\"g_rule\":\"+\",\"p_rule\":0.5,\"genotype\":10,\"phenotype\":5}",
[02:11:57.046] "<02:11:57.031> phenotype received msg: {\"axiom\":[4,6],\"g_rule\":\"+\",\"p_rule\":0.5,\"genotype\":10}",
[02:11:57.062] "<02:11:57.031> @@@ app-webkit sent to genotype msg = {\"axiom\":[4,6],\"g_rule\":\"+\",\"p_rule\":0.5}",
[02:11:57.079] "<02:11:57.046> @@@ app-webkit received reply = {\"axiom\":[4,6],\"g_rule\":\"+\",\"p_rule\":0.5,\"genotype\":10,\"phenotype\":5}",
[02:11:57.079] "<02:11:57.062> @@@ app-node received resp = {\"axiom\":[4,6],\"g_rule\":\"+\",\"p_rule\":0.5,\"genotype\":10,\"phenotype\":5}",
[02:12:02.062] "<02:12:02.046> @@@ app-node sent to genotype msg = {\"axiom\":[5,7],\"g_rule\":\"*\",\"p_rule\":2}",
[02:12:02.077] "<02:12:02.062> genotype received msg: {\"axiom\":[5,7],\"g_rule\":\"*\",\"p_rule\":2}",
[02:12:02.077] "<02:12:02.062> genotype-to-phenotype: {\"axiom\":[5,7],\"g_rule\":\"*\",\"p_rule\":2,\"genotype\":35}",
[02:12:02.093] "<02:12:02.077> phenotype received msg: {\"axiom\":[5,7],\"g_rule\":\"*\",\"p_rule\":2,\"genotype\":35}",
[02:12:02.093] "<02:12:02.077> phenotype-to-producer: {\"axiom\":[5,7],\"g_rule\":\"*\",\"p_rule\":2,\"genotype\":35,\"phenotype\":70}",
[02:12:02.093] "<02:12:02.077> phenotype-to-producer: {\"axiom\":[5,7],\"g_rule\":\"*\",\"p_rule\":2,\"genotype\":35,\"phenotype\":70}",
[02:12:02.093] "<02:12:02.077> phenotype-to-producer: {\"axiom\":[5,7],\"g_rule\":\"*\",\"p_rule\":2,\"genotype\":35,\"phenotype\":70}",
[02:12:02.093] "<02:12:02.077> phenotype-to-producer: {\"axiom\":[5,7],\"g_rule\":\"*\",\"p_rule\":2,\"genotype\":35,\"phenotype\":70}",
[02:12:02.108] "<02:12:02.077> @@@ app-webkit received reply = {\"axiom\":[5,7],\"g_rule\":\"*\",\"p_rule\":2,\"genotype\":35,\"phenotype\":70}",
[02:12:02.124] "<02:12:02.093> @@@ app-node received resp = {\"axiom\":[5,7],\"g_rule\":\"*\",\"p_rule\":2,\"genotype\":35,\"phenotype\":70}",
[02:12:07.031] "<02:12:07.031> genotype received msg: {\"axiom\":[4,6],\"g_rule\":\"+\",\"p_rule\":0.5}",
[02:12:07.031] "<02:12:07.031> genotype-to-phenotype: {\"axiom\":[4,6],\"g_rule\":\"+\",\"p_rule\":0.5,\"genotype\":10}",
[02:12:07.047] "<02:12:07.031> phenotype received msg: {\"axiom\":[4,6],\"g_rule\":\"+\",\"p_rule\":0.5,\"genotype\":10}",
[02:12:07.047] "<02:12:07.047> phenotype-to-producer: {\"axiom\":[4,6],\"g_rule\":\"+\",\"p_rule\":0.5,\"genotype\":10,\"phenotype\":5}",
[02:12:07.047] "<02:12:07.047> phenotype-to-producer: {\"axiom\":[4,6],\"g_rule\":\"+\",\"p_rule\":0.5,\"genotype\":10,\"phenotype\":5}",
[02:12:07.047] "<02:12:07.047> phenotype-to-producer: {\"axiom\":[4,6],\"g_rule\":\"+\",\"p_rule\":0.5,\"genotype\":10,\"phenotype\":5}",
[02:12:07.047] "<02:12:07.047> phenotype-to-producer: {\"axiom\":[4,6],\"g_rule\":\"+\",\"p_rule\":0.5,\"genotype\":10,\"phenotype\":5}",
[02:12:07.047] "<02:12:07.031> @@@ app-webkit sent to genotype msg = {\"axiom\":[4,6],\"g_rule\":\"+\",\"p_rule\":0.5}",
[02:12:07.063] "<02:12:07.047> @@@ app-webkit received reply = {\"axiom\":[4,6],\"g_rule\":\"+\",\"p_rule\":0.5,\"genotype\":10,\"phenotype\":5}",
[02:12:07.063] "<02:12:07.047> @@@ app-node received resp = {\"axiom\":[4,6],\"g_rule\":\"+\",\"p_rule\":0.5,\"genotype\":10,\"phenotype\":5}",
[02:12:12.076] "<02:12:12.076> genotype received msg: {\"axiom\":[5,7],\"g_rule\":\"*\",\"p_rule\":2}",
[02:12:12.076] "<02:12:12.060> @@@ app-node sent to genotype msg = {\"axiom\":[5,7],\"g_rule\":\"*\",\"p_rule\":2}",
[02:12:12.076] "<02:12:12.076> genotype-to-phenotype: {\"axiom\":[5,7],\"g_rule\":\"*\",\"p_rule\":2,\"genotype\":35}",
[02:12:12.091] "<02:12:12.076> phenotype received msg: {\"axiom\":[5,7],\"g_rule\":\"*\",\"p_rule\":2,\"genotype\":35}",
[02:12:12.091] "<02:12:12.091> phenotype-to-producer: {\"axiom\":[5,7],\"g_rule\":\"*\",\"p_rule\":2,\"genotype\":35,\"phenotype\":70}",
[02:12:12.091] "<02:12:12.091> phenotype-to-producer: {\"axiom\":[5,7],\"g_rule\":\"*\",\"p_rule\":2,\"genotype\":35,\"phenotype\":70}",
[02:12:12.091] "<02:12:12.091> phenotype-to-producer: {\"axiom\":[5,7],\"g_rule\":\"*\",\"p_rule\":2,\"genotype\":35,\"phenotype\":70}",
[02:12:12.091] "<02:12:12.091> phenotype-to-producer: {\"axiom\":[5,7],\"g_rule\":\"*\",\"p_rule\":2,\"genotype\":35,\"phenotype\":70}",
[02:12:12.107] "<02:12:12.091> @@@ app-webkit received reply = {\"axiom\":[5,7],\"g_rule\":\"*\",\"p_rule\":2,\"genotype\":35,\"phenotype\":70}",
[02:12:12.107] "<02:12:12.091> @@@ app-node received resp = {\"axiom\":[5,7],\"g_rule\":\"*\",\"p_rule\":2,\"genotype\":35,\"phenotype\":70}",
