[04:15:50.142] "<04:15:50.142> genotype received msg: {\"axiom\":[4,6],\"g_rule\":\"+\",\"p_rule\":0.5}",
[04:15:50.142] "<04:15:50.142> genotype-to-phenotype: {\"axiom\":[4,6],\"g_rule\":\"+\",\"p_rule\":0.5,\"genotype\":10}",
[04:15:50.157] "<04:15:50.157> phenotype received msg: {\"axiom\":[4,6],\"g_rule\":\"+\",\"p_rule\":0.5,\"genotype\":10}",
[04:15:50.157] "<04:15:50.157> phenotype-to-producer: {\"axiom\":[4,6],\"g_rule\":\"+\",\"p_rule\":0.5,\"genotype\":10,\"phenotype\":5}",
[04:15:50.157] "<04:15:50.127> @@@ app-webkit sent to genotype msg = {\"axiom\":[4,6],\"g_rule\":\"+\",\"p_rule\":0.5}",
[04:15:50.199] "<04:15:50.158 @@@ app-webkit received reply = {\"axiom\":[4,6],\"g_rule\":\"+\",\"p_rule\":0.5,\"genotype\":10,\"phenotype\":5}",
[04:15:55.150] "<04:15:55.150> genotype received msg: {\"axiom\":[4,6],\"g_rule\":\"+\",\"p_rule\":0.5}",
[04:15:55.150] "<04:15:55.150> genotype-to-phenotype: {\"axiom\":[4,6],\"g_rule\":\"+\",\"p_rule\":0.5,\"genotype\":10}",
[04:15:55.166] "<04:15:55.150> phenotype received msg: {\"axiom\":[4,6],\"g_rule\":\"+\",\"p_rule\":0.5,\"genotype\":10}",
[04:15:55.166] "<04:15:55.150> phenotype-to-producer: {\"axiom\":[4,6],\"g_rule\":\"+\",\"p_rule\":0.5,\"genotype\":10,\"phenotype\":5}",
[04:15:55.166] "<04:15:55.151> @@@ app-webkit sent to genotype msg = {\"axiom\":[4,6],\"g_rule\":\"+\",\"p_rule\":0.5}",
[04:15:55.181] "<04:15:55.151 @@@ app-webkit received reply = {\"axiom\":[4,6],\"g_rule\":\"+\",\"p_rule\":0.5,\"genotype\":10,\"phenotype\":5}",
[04:16:00.158] "<04:16:00.158> genotype-to-phenotype: {\"axiom\":[4,6],\"g_rule\":\"+\",\"p_rule\":0.5,\"genotype\":10}",
[04:16:00.158] "<04:16:00.158> genotype received msg: {\"axiom\":[4,6],\"g_rule\":\"+\",\"p_rule\":0.5}",
[04:16:00.158] "<04:16:00.158> phenotype received msg: {\"axiom\":[4,6],\"g_rule\":\"+\",\"p_rule\":0.5,\"genotype\":10}",
[04:16:00.158] "<04:16:00.158> phenotype-to-producer: {\"axiom\":[4,6],\"g_rule\":\"+\",\"p_rule\":0.5,\"genotype\":10,\"phenotype\":5}",
[04:16:00.173] "<04:16:00.158> @@@ app-webkit sent to genotype msg = {\"axiom\":[4,6],\"g_rule\":\"+\",\"p_rule\":0.5}",
[04:16:00.189] "<04:16:00.158 @@@ app-webkit received reply = {\"axiom\":[4,6],\"g_rule\":\"+\",\"p_rule\":0.5,\"genotype\":10,\"phenotype\":5}",
[04:16:05.165] "<04:16:05.165> genotype received msg: {\"axiom\":[4,6],\"g_rule\":\"+\",\"p_rule\":0.5}",
[04:16:05.165] "<04:16:05.165> genotype-to-phenotype: {\"axiom\":[4,6],\"g_rule\":\"+\",\"p_rule\":0.5,\"genotype\":10}",
[04:16:05.165] "<04:16:05.165> phenotype received msg: {\"axiom\":[4,6],\"g_rule\":\"+\",\"p_rule\":0.5,\"genotype\":10}",
[04:16:05.165] "<04:16:05.165> phenotype-to-producer: {\"axiom\":[4,6],\"g_rule\":\"+\",\"p_rule\":0.5,\"genotype\":10,\"phenotype\":5}",
[04:16:05.181] "<04:16:05.166> @@@ app-webkit sent to genotype msg = {\"axiom\":[4,6],\"g_rule\":\"+\",\"p_rule\":0.5}",
[04:16:05.197] "<04:16:05.166 @@@ app-webkit received reply = {\"axiom\":[4,6],\"g_rule\":\"+\",\"p_rule\":0.5,\"genotype\":10,\"phenotype\":5}",
[04:16:10.173] "<04:16:10.173> genotype received msg: {\"axiom\":[4,6],\"g_rule\":\"+\",\"p_rule\":0.5}",
[04:16:10.173] "<04:16:10.173> genotype-to-phenotype: {\"axiom\":[4,6],\"g_rule\":\"+\",\"p_rule\":0.5,\"genotype\":10}",
[04:16:10.189] "<04:16:10.173> phenotype received msg: {\"axiom\":[4,6],\"g_rule\":\"+\",\"p_rule\":0.5,\"genotype\":10}",
[04:16:10.189] "<04:16:10.173> phenotype-to-producer: {\"axiom\":[4,6],\"g_rule\":\"+\",\"p_rule\":0.5,\"genotype\":10,\"phenotype\":5}",
[04:16:10.189] "<04:16:10.174> @@@ app-webkit sent to genotype msg = {\"axiom\":[4,6],\"g_rule\":\"+\",\"p_rule\":0.5}",
[04:16:10.204] "<04:16:10.174 @@@ app-webkit received reply = {\"axiom\":[4,6],\"g_rule\":\"+\",\"p_rule\":0.5,\"genotype\":10,\"phenotype\":5}",
[04:16:15.181] "<04:16:15.181> genotype received msg: {\"axiom\":[4,6],\"g_rule\":\"+\",\"p_rule\":0.5}",
[04:16:15.181] "<04:16:15.181> genotype-to-phenotype: {\"axiom\":[4,6],\"g_rule\":\"+\",\"p_rule\":0.5,\"genotype\":10}",
[04:16:15.181] "<04:16:15.181> phenotype received msg: {\"axiom\":[4,6],\"g_rule\":\"+\",\"p_rule\":0.5,\"genotype\":10}",
[04:16:15.181] "<04:16:15.181> phenotype-to-producer: {\"axiom\":[4,6],\"g_rule\":\"+\",\"p_rule\":0.5,\"genotype\":10,\"phenotype\":5}",
[04:16:15.196] "<04:16:15.181> @@@ app-webkit sent to genotype msg = {\"axiom\":[4,6],\"g_rule\":\"+\",\"p_rule\":0.5}",
[04:16:15.212] "<04:16:15.181 @@@ app-webkit received reply = {\"axiom\":[4,6],\"g_rule\":\"+\",\"p_rule\":0.5,\"genotype\":10,\"phenotype\":5}",
[04:16:20.191] "<04:16:20.191> genotype received msg: {\"axiom\":[5,7],\"g_rule\":\"*\",\"p_rule\":2}",
[04:16:20.191] "<04:16:20.191> genotype-to-phenotype: {\"axiom\":[5,7],\"g_rule\":\"*\",\"p_rule\":2,\"genotype\":35}",
[04:16:20.191] "<04:16:20.191> phenotype-to-producer: {\"axiom\":[5,7],\"g_rule\":\"*\",\"p_rule\":2,\"genotype\":35,\"phenotype\":70}",
[04:16:20.191] "<04:16:20.191> phenotype received msg: {\"axiom\":[5,7],\"g_rule\":\"*\",\"p_rule\":2,\"genotype\":35}",
[04:16:20.207] "<04:16:20.192> @@@ app-webkit sent to genotype msg = {\"axiom\":[5,7],\"g_rule\":\"*\",\"p_rule\":2}",
[04:16:20.229] "<04:16:20.192 @@@ app-webkit received reply = {\"axiom\":[5,7],\"g_rule\":\"*\",\"p_rule\":2,\"genotype\":35,\"phenotype\":70}",
