[04:23:07.690] "<04:23:07.675> genotype received msg: {\"axiom\":[4,6],\"g_rule\":\"+\",\"p_rule\":0.5}",
[04:23:07.690] "<04:23:07.675> genotype-to-phenotype: {\"axiom\":[4,6],\"g_rule\":\"+\",\"p_rule\":0.5,\"genotype\":10}",
[04:23:07.690] "<04:23:07.690> phenotype received msg: {\"axiom\":[4,6],\"g_rule\":\"+\",\"p_rule\":0.5,\"genotype\":10}",
[04:23:07.706] "<04:23:07.690> phenotype-to-producer: {\"axiom\":[4,6],\"g_rule\":\"+\",\"p_rule\":0.5,\"genotype\":10,\"phenotype\":5}",
[04:23:07.706] "<04:23:07.675> @@@ app-webkit sent to genotype msg = {\"axiom\":[4,6],\"g_rule\":\"+\",\"p_rule\":0.5}",
[04:23:07.721] "<04:23:07.690> @@@ app-webkit received reply = {\"axiom\":[4,6],\"g_rule\":\"+\",\"p_rule\":0.5,\"genotype\":10,\"phenotype\":5}",
[04:23:12.689] "<04:23:12.689> genotype received msg: {\"axiom\":[5,7],\"g_rule\":\"*\",\"p_rule\":2}",
[04:23:12.689] "<04:23:12.689> genotype-to-phenotype: {\"axiom\":[5,7],\"g_rule\":\"*\",\"p_rule\":2,\"genotype\":35}",
[04:23:12.705] "<04:23:12.689> phenotype received msg: {\"axiom\":[5,7],\"g_rule\":\"*\",\"p_rule\":2,\"genotype\":35}",
[04:23:12.705] "<04:23:12.689> phenotype-to-producer: {\"axiom\":[5,7],\"g_rule\":\"*\",\"p_rule\":2,\"genotype\":35,\"phenotype\":70}",
[04:23:12.705] "<04:23:12.689> @@@ app-webkit sent to genotype msg = {\"axiom\":[5,7],\"g_rule\":\"*\",\"p_rule\":2}",
[04:23:12.728] "<04:23:12.689> @@@ app-webkit received reply = {\"axiom\":[5,7],\"g_rule\":\"*\",\"p_rule\":2,\"genotype\":35,\"phenotype\":70}",
[04:23:17.690] "<04:23:17.690> genotype received msg: {\"axiom\":[4,6],\"g_rule\":\"+\",\"p_rule\":0.5}",
[04:23:17.690] "<04:23:17.690> genotype-to-phenotype: {\"axiom\":[4,6],\"g_rule\":\"+\",\"p_rule\":0.5,\"genotype\":10}",
[04:23:17.690] "<04:23:17.690> phenotype received msg: {\"axiom\":[4,6],\"g_rule\":\"+\",\"p_rule\":0.5,\"genotype\":10}",
[04:23:17.690] "<04:23:17.690> phenotype-to-producer: {\"axiom\":[4,6],\"g_rule\":\"+\",\"p_rule\":0.5,\"genotype\":10,\"phenotype\":5}",
[04:23:17.706] "<04:23:17.690> @@@ app-webkit sent to genotype msg = {\"axiom\":[4,6],\"g_rule\":\"+\",\"p_rule\":0.5}",
[04:23:17.721] "<04:23:17.690> @@@ app-webkit received reply = {\"axiom\":[4,6],\"g_rule\":\"+\",\"p_rule\":0.5,\"genotype\":10,\"phenotype\":5}",
[04:23:22.705] "<04:23:22.705> genotype received msg: {\"axiom\":[5,7],\"g_rule\":\"*\",\"p_rule\":2}",
[04:23:22.705] "<04:23:22.705> genotype-to-phenotype: {\"axiom\":[5,7],\"g_rule\":\"*\",\"p_rule\":2,\"genotype\":35}",
[04:23:22.705] "<04:23:22.705> phenotype received msg: {\"axiom\":[5,7],\"g_rule\":\"*\",\"p_rule\":2,\"genotype\":35}",
[04:23:22.720] "<04:23:22.705> phenotype-to-producer: {\"axiom\":[5,7],\"g_rule\":\"*\",\"p_rule\":2,\"genotype\":35,\"phenotype\":70}",
[04:23:22.720] "<04:23:22.705> @@@ app-webkit sent to genotype msg = {\"axiom\":[5,7],\"g_rule\":\"*\",\"p_rule\":2}",
[04:23:22.736] "<04:23:22.705> @@@ app-webkit received reply = {\"axiom\":[5,7],\"g_rule\":\"*\",\"p_rule\":2,\"genotype\":35,\"phenotype\":70}",
